2025-01-02 18:52:07,383 INFO [main] o.a.n.b.NotificationServiceManager Successfully loaded the following 0 services: []
2025-01-02 18:52:07,398 INFO [main] org.apache.nifi.bootstrap.RunNiFi Registered no Notification Services for Notification Type NIFI_STARTED
2025-01-02 18:52:07,399 INFO [main] org.apache.nifi.bootstrap.RunNiFi Registered no Notification Services for Notification Type NIFI_STOPPED
2025-01-02 18:52:07,400 INFO [main] org.apache.nifi.bootstrap.RunNiFi Registered no Notification Services for Notification Type NIFI_DIED
2025-01-02 18:52:07,465 INFO [main] org.apache.nifi.bootstrap.RunNiFi Runtime Java version: 1.8.0_332
2025-01-02 18:52:07,491 INFO [main] org.apache.nifi.bootstrap.Command Starting Apache NiFi...
2025-01-02 18:52:07,491 INFO [main] org.apache.nifi.bootstrap.Command Working Directory: /opt/nifi/nifi-current
2025-01-02 18:52:07,492 INFO [main] org.apache.nifi.bootstrap.Command Command: /usr/local/openjdk-8/bin/java -classpath /opt/nifi/nifi-current/./conf:/opt/nifi/nifi-current/./lib/nifi-server-api-1.18.0.jar:/opt/nifi/nifi-current/./lib/nifi-property-utils-1.18.0.jar:/opt/nifi/nifi-current/./lib/nifi-api-1.18.0.jar:/opt/nifi/nifi-current/./lib/logback-core-1.2.11.jar:/opt/nifi/nifi-current/./lib/nifi-nar-utils-1.18.0.jar:/opt/nifi/nifi-current/./lib/jetty-schemas-5.2.jar:/opt/nifi/nifi-current/./lib/nifi-stateless-bootstrap-1.18.0.jar:/opt/nifi/nifi-current/./lib/log4j-over-slf4j-1.7.36.jar:/opt/nifi/nifi-current/./lib/javax.servlet-api-3.1.0.jar:/opt/nifi/nifi-current/./lib/nifi-runtime-1.18.0.jar:/opt/nifi/nifi-current/./lib/jcl-over-slf4j-1.7.36.jar:/opt/nifi/nifi-current/./lib/nifi-stateless-api-1.18.0.jar:/opt/nifi/nifi-current/./lib/nifi-framework-api-1.18.0.jar:/opt/nifi/nifi-current/./lib/logback-classic-1.2.11.jar:/opt/nifi/nifi-current/./lib/jul-to-slf4j-1.7.36.jar:/opt/nifi/nifi-current/./lib/slf4j-api-1.7.36.jar:/opt/nifi/nifi-current/./lib/nifi-properties-1.18.0.jar -Dorg.apache.jasper.compiler.disablejsr199=true -Xmx512m -Xms512m -Dcurator-log-only-first-connection-issue-as-error-level=true -Djavax.security.auth.useSubjectCredsOnly=true -Djava.security.egd=file:/dev/urandom -Dzookeeper.admin.enableServer=false -Dsun.net.http.allowRestrictedHeaders=true -Djava.net.preferIPv4Stack=true -Djava.awt.headless=true -Djava.protocol.handler.pkgs=sun.net.www.protocol -Dnifi.properties.file.path=/opt/nifi/nifi-current/./conf/nifi.properties -Dnifi.bootstrap.listen.port=32803 -Dapp=NiFi -Dorg.apache.nifi.bootstrap.config.log.dir=/opt/nifi/nifi-current/logs org.apache.nifi.NiFi 
2025-01-02 18:52:07,511 INFO [main] org.apache.nifi.bootstrap.Command Launched Apache NiFi with Process ID 96
2025-01-02 18:52:08,367 INFO [NiFi Bootstrap Command Listener] org.apache.nifi.bootstrap.RunNiFi Apache NiFi now running and listening for Bootstrap requests on port 46329
2025-01-02 18:52:19,859 INFO [main] o.a.n.b.NotificationServiceManager Successfully loaded the following 0 services: []
2025-01-02 18:52:19,867 INFO [main] org.apache.nifi.bootstrap.RunNiFi Registered no Notification Services for Notification Type NIFI_STARTED
2025-01-02 18:52:19,868 INFO [main] org.apache.nifi.bootstrap.RunNiFi Registered no Notification Services for Notification Type NIFI_STOPPED
2025-01-02 18:52:19,868 INFO [main] org.apache.nifi.bootstrap.RunNiFi Registered no Notification Services for Notification Type NIFI_DIED
2025-01-02 18:52:19,885 INFO [main] org.apache.nifi.bootstrap.Command Apache NiFi has accepted the Shutdown Command and is shutting down now
2025-01-02 18:52:19,909 INFO [main] org.apache.nifi.bootstrap.Command NiFi PID [96] shutdown in progress...
2025-01-02 18:52:21,913 INFO [main] org.apache.nifi.bootstrap.Command NiFi PID [96] shutdown in progress...
2025-01-02 18:52:23,917 INFO [main] org.apache.nifi.bootstrap.Command NiFi PID [96] shutdown in progress...
2025-01-02 18:52:25,519 INFO [main] org.apache.nifi.bootstrap.RunNiFi A shutdown was initiated. Will not restart NiFi
2025-01-02 18:52:25,923 INFO [main] org.apache.nifi.bootstrap.Command NiFi PID [96] shutdown completed
